2015-08-20 23:07:33+0200 [scrapy] INFO: Scrapy 0.24.4 started (bot: racedaylive)
2015-08-20 23:07:33+0200 [scrapy] INFO: Optional features available: ssl, http11, boto
2015-08-20 23:07:33+0200 [scrapy] INFO: Overridden settings: {'NEWSPIDER_MODULE': 'racedaylive.spiders', 'SPIDER_MODULES': ['racedaylive.spiders'], 'DUPEFILTER_CLASS': 'racedaylive.utils.DoNotFilter', 'LOG_FILE': 'scrapy_racedaylive_2015-08-20.log', 'BOT_NAME': 'racedaylive'}
2015-08-20 23:07:33+0200 [scrapy] INFO: Enabled extensions: LogStats, TelnetConsole, CloseSpider, WebService, CoreStats, SpiderState
2015-08-20 23:07:34+0200 [scrapy] INFO: Enabled downloader middlewares: HttpAuthMiddleware, DownloadTimeoutMiddleware, UserAgentMiddleware, RetryMiddleware, DefaultHeadersMiddleware, MetaRefreshMiddleware, HttpCompressionMiddleware, RedirectMiddleware, CookiesMiddleware, ChunkedTransferMiddleware, DownloaderStats
2015-08-20 23:07:34+0200 [scrapy] INFO: Enabled spider middlewares: HttpErrorMiddleware, OffsiteMiddleware, RefererMiddleware, UrlLengthMiddleware, DepthMiddleware
2015-08-20 23:07:34+0200 [scrapy] INFO: Enabled item pipelines: 
2015-08-20 23:07:34+0200 [race] INFO: Spider opened
2015-08-20 23:07:34+0200 [race] INFO: Crawled 0 pages (at 0 pages/min), scraped 0 items (at 0 items/min)
2015-08-20 23:07:34+0200 [scrapy] DEBUG: Telnet console listening on 127.0.0.1:6031
2015-08-20 23:07:34+0200 [scrapy] DEBUG: Web service listening on 127.0.0.1:6088
2015-08-20 23:07:36+0200 [race] DEBUG: Crawled (200) <GET http://racing.scmp.com/login.asp> (referer: None)
2015-08-20 23:07:37+0200 [race] DEBUG: Redirecting (302) to <GET http://racing.scmp.com/index.asp> from <POST http://racing.scmp.com/Login.asp>
2015-08-20 23:07:38+0200 [race] DEBUG: Crawled (200) <GET http://racing.scmp.com/index.asp> (referer: http://racing.scmp.com/login.asp)
2015-08-20 23:07:39+0200 [race] DEBUG: Crawled (200) <GET http://racing.hkjc.com/racing/Info/Meeting/RaceCard/English/Local/20150513/HV/1> (referer: http://racing.scmp.com/index.asp)
2015-08-20 23:07:40+0200 [race] DEBUG: Crawled (200) <GET http://racing.hkjc.com/racing/Info/Meeting/RaceCard/English/Local/20150513/HV/1> (referer: http://racing.hkjc.com/racing/Info/Meeting/RaceCard/English/Local/20150513/HV/1)
2015-08-20 23:07:40+0200 [race] ERROR: Spider error processing <GET http://racing.hkjc.com/racing/Info/Meeting/RaceCard/English/Local/20150513/HV/1>
	Traceback (most recent call last):
	  File "/System/Library/Frameworks/Python.framework/Versions/2.7/Extras/lib/python/twisted/internet/base.py", line 824, in runUntilCurrent
	    call.func(*call.args, **call.kw)
	  File "/System/Library/Frameworks/Python.framework/Versions/2.7/Extras/lib/python/twisted/internet/task.py", line 638, in _tick
	    taskObj._oneWorkUnit()
	  File "/System/Library/Frameworks/Python.framework/Versions/2.7/Extras/lib/python/twisted/internet/task.py", line 484, in _oneWorkUnit
	    result = next(self._iterator)
	  File "/Library/Python/2.7/site-packages/scrapy/utils/defer.py", line 57, in <genexpr>
	    work = (callable(elem, *args, **named) for elem in iterable)
	--- <exception caught here> ---
	  File "/Library/Python/2.7/site-packages/scrapy/utils/defer.py", line 96, in iter_errback
	    yield next(it)
	  File "/Library/Python/2.7/site-packages/scrapy/contrib/spidermiddleware/offsite.py", line 26, in process_spider_output
	    for x in result:
	  File "/Library/Python/2.7/site-packages/scrapy/contrib/spidermiddleware/referer.py", line 22, in <genexpr>
	    return (_set_referer(r) for r in result or ())
	  File "/Library/Python/2.7/site-packages/scrapy/contrib/spidermiddleware/urllength.py", line 33, in <genexpr>
	    return (r for r in result or () if _filter(r))
	  File "/Library/Python/2.7/site-packages/scrapy/contrib/spidermiddleware/depth.py", line 50, in <genexpr>
	    return (r for r in result or () if _filter(r))
	  File "/Users/vmac/Documents/PROGRAMMING/PY/scrapy/Chabrov/racedaylive/racedaylive/racedaylive/spiders/race_latest.py", line 69, in parse_race
	    '//span[@class="bold"]/text()').extract()[0]
	exceptions.IndexError: list index out of range
	
2015-08-20 23:07:40+0200 [race] INFO: Closing spider (finished)
2015-08-20 23:07:40+0200 [race] INFO: Dumping Scrapy stats:
	{'downloader/request_bytes': 1758,
	 'downloader/request_count': 5,
	 'downloader/request_method_count/GET': 4,
	 'downloader/request_method_count/POST': 1,
	 'downloader/response_bytes': 121183,
	 'downloader/response_count': 5,
	 'downloader/response_status_count/200': 4,
	 'downloader/response_status_count/302': 1,
	 'finish_reason': 'finished',
	 'finish_time': datetime.datetime(2015, 8, 20, 21, 7, 40, 549605),
	 'log_count/DEBUG': 7,
	 'log_count/ERROR': 1,
	 'log_count/INFO': 7,
	 'request_depth_max': 3,
	 'response_received_count': 4,
	 'scheduler/dequeued': 5,
	 'scheduler/dequeued/memory': 5,
	 'scheduler/enqueued': 5,
	 'scheduler/enqueued/memory': 5,
	 'spider_exceptions/IndexError': 1,
	 'start_time': datetime.datetime(2015, 8, 20, 21, 7, 34, 787618)}
2015-08-20 23:07:40+0200 [race] INFO: Spider closed (finished)
